<?xml version="1.0" encoding="UTF-8"?>
<robot generator="Robot 3.2.1 (Python 3.8.0 on win32)" generated="20220627 22:47:40.813" rpa="false">
<suite id="s1" name="NetsDemo" source="C:\EclipseWorkSpace\NetsDemo">
<suite id="s1-s1" name="Tests" source="C:\EclipseWorkSpace\NetsDemo\Tests">
<suite id="s1-s1-s1" name="01.OrangeHRMTestSuite" source="C:\EclipseWorkSpace\NetsDemo\Tests\01.OrangeHRMTestSuite.robot">
<test id="s1-s1-s1-t1" name="TC_003_Verify_Login_CaptureScreenshot">
<kw name="Open given Excel file" library="ExcelDataRead" type="setup">
<arguments>
<arg>${sFileName}</arg>
</arguments>
<kw name="Run Keyword And Ignore Error" library="BuiltIn">
<doc>Runs the given keyword with the given arguments and ignores possible error.</doc>
<arguments>
<arg>OperatingSystem.File Should Exist</arg>
<arg>${sFileName}</arg>
</arguments>
<assign>
<var>${inputfileStatus}</var>
<var>${msg}</var>
</assign>
<kw name="File Should Exist" library="OperatingSystem">
<doc>Fails unless the given ``path`` points to an existing file.</doc>
<arguments>
<arg>${sFileName}</arg>
</arguments>
<msg timestamp="20220627 22:47:42.543" level="INFO" html="yes">File '&lt;a href="file://C:\EclipseWorkSpace\NetsDemo\TestData\OrangeHRM_TestData.xlsx"&gt;C:\EclipseWorkSpace\NetsDemo\TestData\OrangeHRM_TestData.xlsx&lt;/a&gt;' exists.</msg>
<status status="PASS" starttime="20220627 22:47:42.543" endtime="20220627 22:47:42.543"></status>
</kw>
<msg timestamp="20220627 22:47:42.543" level="INFO">${inputfileStatus} = PASS</msg>
<msg timestamp="20220627 22:47:42.543" level="INFO">${msg} = None</msg>
<status status="PASS" starttime="20220627 22:47:42.543" endtime="20220627 22:47:42.543"></status>
</kw>
<kw name="Run Keyword If" library="BuiltIn">
<doc>Runs the given keyword with the given arguments, if ``condition`` is true.</doc>
<arguments>
<arg>"${inputfileStatus}"=="PASS"</arg>
<arg>info</arg>
<arg>${sFileName} Test data file exist</arg>
<arg>ELSE</arg>
<arg>Fail</arg>
<arg>Cannot locate the given Excel file.</arg>
</arguments>
<kw name="Info" library="robot.api.logger">
<doc>Writes the message to the log file using the ``INFO`` level.</doc>
<arguments>
<arg>${sFileName} Test data file exist</arg>
</arguments>
<msg timestamp="20220627 22:47:42.543" level="INFO">C:/EclipseWorkSpace/NetsDemo/TestData/OrangeHRM_TestData.xlsx Test data file exist</msg>
<status status="PASS" starttime="20220627 22:47:42.543" endtime="20220627 22:47:42.543"></status>
</kw>
<status status="PASS" starttime="20220627 22:47:42.543" endtime="20220627 22:47:42.543"></status>
</kw>
<kw name="Open Excel" library="ExcelRobot">
<doc>Opens the Excel file to read from the path provided in the file path parameter.</doc>
<arguments>
<arg>${sFileName}</arg>
</arguments>
<msg timestamp="20220627 22:47:42.543" level="INFO">Opening file at C:/EclipseWorkSpace/NetsDemo/TestData/OrangeHRM_TestData.xlsx</msg>
<status status="PASS" starttime="20220627 22:47:42.543" endtime="20220627 22:47:42.543"></status>
</kw>
<status status="PASS" starttime="20220627 22:47:42.542" endtime="20220627 22:47:42.543"></status>
</kw>
<kw name="Open My Browser" library="Login&amp;LogoutPageKeywords">
<arguments>
<arg>${url}</arg>
</arguments>
<kw name="Create Webdriver" library="SeleniumLibrary">
<doc>Creates an instance of Selenium WebDriver.</doc>
<arguments>
<arg>Chrome</arg>
<arg>executable_path=${executable_path}</arg>
</arguments>
<msg timestamp="20220627 22:47:42.543" level="INFO">Creating an instance of the Chrome WebDriver.</msg>
<status status="PASS" starttime="20220627 22:47:42.543" endtime="20220627 22:47:45.749"></status>
</kw>
<kw name="Go To" library="SeleniumLibrary">
<doc>Navigates the current browser window to the provided ``url``.</doc>
<arguments>
<arg>${appUrl}</arg>
</arguments>
<msg timestamp="20220627 22:47:45.755" level="INFO">Opening url 'https://opensource-demo.orangehrmlive.com/'</msg>
<status status="PASS" starttime="20220627 22:47:45.749" endtime="20220627 22:47:47.998"></status>
</kw>
<kw name="Set Browser Implicit Wait" library="SeleniumLibrary">
<doc>Sets the implicit wait value used by Selenium.</doc>
<arguments>
<arg>2</arg>
</arguments>
<status status="PASS" starttime="20220627 22:47:47.999" endtime="20220627 22:47:48.001"></status>
</kw>
<kw name="Maximize Browser Window" library="SeleniumLibrary">
<doc>Maximizes current browser window.</doc>
<status status="PASS" starttime="20220627 22:47:48.004" endtime="20220627 22:47:48.121"></status>
</kw>
<status status="PASS" starttime="20220627 22:47:42.543" endtime="20220627 22:47:48.122"></status>
</kw>
<kw name="Get data from Excel with given column" library="ExcelDataRead">
<arguments>
<arg>Sheet1</arg>
<arg>TC_001_Verify_Login_Invalid_Credentials_message</arg>
<arg>username</arg>
</arguments>
<assign>
<var>${invalidusername}</var>
</assign>
<kw name="Log" library="BuiltIn">
<doc>Logs the given message with the given level.</doc>
<arguments>
<arg>${sColumnName}</arg>
</arguments>
<msg timestamp="20220627 22:47:48.123" level="INFO">username</msg>
<status status="PASS" starttime="20220627 22:47:48.123" endtime="20220627 22:47:48.124"></status>
</kw>
<kw name="Get Column Count" library="ExcelRobot">
<doc>Returns the specific number of columns of the sheet name specified.</doc>
<arguments>
<arg>${sSheetName}</arg>
</arguments>
<assign>
<var>${colCount}</var>
</assign>
<msg timestamp="20220627 22:47:48.125" level="INFO">${colCount} = 3</msg>
<status status="PASS" starttime="20220627 22:47:48.124" endtime="20220627 22:47:48.125"></status>
</kw>
<kw name="${y} IN RANGE [ 0 | ${colCount} ]" type="for">
<msg timestamp="20220627 22:47:48.125" level="WARN">Error in file 'C:\EclipseWorkSpace\NetsDemo\Resources\ExcelDataRead.resource' in FOR loop starting on line 23: Marking for loop body with '\' is deprecated. Remove markers and use 'END' instead.</msg>
<kw name="${y} = 0" type="foritem">
<kw name="Read Cell Data" library="ExcelRobot">
<doc>Uses the column and row to return the data from that cell.</doc>
<arguments>
<arg>${sSheetName}</arg>
<arg>${y}</arg>
<arg>0</arg>
</arguments>
<assign>
<var>${header}</var>
</assign>
<msg timestamp="20220627 22:47:48.127" level="INFO">${header} = TestCases</msg>
<status status="PASS" starttime="20220627 22:47:48.126" endtime="20220627 22:47:48.127"></status>
</kw>
<kw name="Run Keyword If" library="BuiltIn">
<doc>Runs the given keyword with the given arguments, if ``condition`` is true.</doc>
<arguments>
<arg>"${header}"=="${sColumnName}"</arg>
<arg>Exit For Loop</arg>
</arguments>
<status status="PASS" starttime="20220627 22:47:48.128" endtime="20220627 22:47:48.129"></status>
</kw>
<status status="PASS" starttime="20220627 22:47:48.126" endtime="20220627 22:47:48.129"></status>
</kw>
<kw name="${y} = 1" type="foritem">
<kw name="Read Cell Data" library="ExcelRobot">
<doc>Uses the column and row to return the data from that cell.</doc>
<arguments>
<arg>${sSheetName}</arg>
<arg>${y}</arg>
<arg>0</arg>
</arguments>
<assign>
<var>${header}</var>
</assign>
<msg timestamp="20220627 22:47:48.130" level="INFO">${header} = username</msg>
<status status="PASS" starttime="20220627 22:47:48.129" endtime="20220627 22:47:48.130"></status>
</kw>
<kw name="Run Keyword If" library="BuiltIn">
<doc>Runs the given keyword with the given arguments, if ``condition`` is true.</doc>
<arguments>
<arg>"${header}"=="${sColumnName}"</arg>
<arg>Exit For Loop</arg>
</arguments>
<kw name="Exit For Loop" library="BuiltIn">
<doc>Stops executing the enclosing for loop.</doc>
<msg timestamp="20220627 22:47:48.131" level="INFO">Exiting for loop altogether.</msg>
<status status="PASS" starttime="20220627 22:47:48.131" endtime="20220627 22:47:48.131"></status>
</kw>
<status status="PASS" starttime="20220627 22:47:48.130" endtime="20220627 22:47:48.132"></status>
</kw>
<status status="PASS" starttime="20220627 22:47:48.129" endtime="20220627 22:47:48.132"></status>
</kw>
<status status="PASS" starttime="20220627 22:47:48.125" endtime="20220627 22:47:48.132"></status>
</kw>
<kw name="Set Test Variable" library="BuiltIn">
<doc>Makes a variable available everywhere within the scope of the current test.</doc>
<arguments>
<arg>${colNum}</arg>
<arg>${y}</arg>
</arguments>
<msg timestamp="20220627 22:47:48.133" level="INFO">${colNum} = 1</msg>
<status status="PASS" starttime="20220627 22:47:48.132" endtime="20220627 22:47:48.133"></status>
</kw>
<kw name="Log To Console" library="BuiltIn">
<doc>Logs the given message to the console.</doc>
<arguments>
<arg>${colNum}</arg>
</arguments>
<status status="PASS" starttime="20220627 22:47:48.134" endtime="20220627 22:47:48.134"></status>
</kw>
<kw name="Get Row Count" library="ExcelRobot">
<doc>Returns the specific number of rows of the sheet name specified.</doc>
<arguments>
<arg>${sSheetName}</arg>
</arguments>
<assign>
<var>${iTotalRows}</var>
</assign>
<msg timestamp="20220627 22:47:48.135" level="INFO">${iTotalRows} = 2</msg>
<status status="PASS" starttime="20220627 22:47:48.134" endtime="20220627 22:47:48.135"></status>
</kw>
<kw name="${iRowNo} IN RANGE [ 1 | ${iTotalRows} ]" type="for">
<msg timestamp="20220627 22:47:48.135" level="WARN">Error in file 'C:\EclipseWorkSpace\NetsDemo\Resources\ExcelDataRead.resource' in FOR loop starting on line 32: Marking for loop body with '\' is deprecated. Remove markers and use 'END' instead.</msg>
<kw name="${iRowNo} = 1" type="foritem">
<kw name="Read Cell Data" library="ExcelRobot">
<doc>Uses the column and row to return the data from that cell.</doc>
<arguments>
<arg>${sSheetName}</arg>
<arg>0</arg>
<arg>${iRowNo}</arg>
</arguments>
<assign>
<var>${TC_Num}</var>
</assign>
<msg timestamp="20220627 22:47:48.137" level="INFO">${TC_Num} = TC_001_Verify_Login_Invalid_Credentials_message</msg>
<status status="PASS" starttime="20220627 22:47:48.136" endtime="20220627 22:47:48.137"></status>
</kw>
<kw name="Run Keyword If" library="BuiltIn">
<doc>Runs the given keyword with the given arguments, if ``condition`` is true.</doc>
<arguments>
<arg>"${sTestCaseNo}"=="${TC_Num}"</arg>
<arg>Read Cell Data</arg>
<arg>${sSheetName}</arg>
<arg>${colNum}</arg>
<arg>${iRowNo}</arg>
</arguments>
<assign>
<var>${sSearchedData}</var>
</assign>
<kw name="Read Cell Data" library="ExcelRobot">
<doc>Uses the column and row to return the data from that cell.</doc>
<arguments>
<arg>${sSheetName}</arg>
<arg>${colNum}</arg>
<arg>${iRowNo}</arg>
</arguments>
<status status="PASS" starttime="20220627 22:47:48.138" endtime="20220627 22:47:48.138"></status>
</kw>
<msg timestamp="20220627 22:47:48.139" level="INFO">${sSearchedData} = asde</msg>
<status status="PASS" starttime="20220627 22:47:48.137" endtime="20220627 22:47:48.139"></status>
</kw>
<kw name="Run Keyword If" library="BuiltIn">
<doc>Runs the given keyword with the given arguments, if ``condition`` is true.</doc>
<arguments>
<arg>"${sTestCaseNo}"=="${TC_Num}"</arg>
<arg>Exit For Loop</arg>
</arguments>
<kw name="Exit For Loop" library="BuiltIn">
<doc>Stops executing the enclosing for loop.</doc>
<msg timestamp="20220627 22:47:48.140" level="INFO">Exiting for loop altogether.</msg>
<status status="PASS" starttime="20220627 22:47:48.140" endtime="20220627 22:47:48.140"></status>
</kw>
<status status="PASS" starttime="20220627 22:47:48.139" endtime="20220627 22:47:48.140"></status>
</kw>
<status status="PASS" starttime="20220627 22:47:48.136" endtime="20220627 22:47:48.140"></status>
</kw>
<status status="PASS" starttime="20220627 22:47:48.135" endtime="20220627 22:47:48.141"></status>
</kw>
<msg timestamp="20220627 22:47:48.141" level="INFO">${invalidusername} = asde</msg>
<status status="PASS" starttime="20220627 22:47:48.122" endtime="20220627 22:47:48.141"></status>
</kw>
<kw name="Enter UserName" library="Login&amp;LogoutPageKeywords">
<arguments>
<arg>${invalidusername}</arg>
</arguments>
<kw name="Input Text" library="SeleniumLibrary">
<doc>Types the given ``text`` into the text field identified by ``locator``.</doc>
<arguments>
<arg>${txt_loginUserName}</arg>
<arg>${userName}</arg>
</arguments>
<msg timestamp="20220627 22:47:48.142" level="INFO">Typing text 'asde' into text field 'name:txtUsername'.</msg>
<status status="PASS" starttime="20220627 22:47:48.142" endtime="20220627 22:47:48.277"></status>
</kw>
<status status="PASS" starttime="20220627 22:47:48.141" endtime="20220627 22:47:48.277"></status>
</kw>
<kw name="Get data from Excel with given column" library="ExcelDataRead">
<arguments>
<arg>Sheet1</arg>
<arg>TC_001_Verify_Login_Invalid_Credentials_message</arg>
<arg>password</arg>
</arguments>
<assign>
<var>${invalidpassword}</var>
</assign>
<kw name="Log" library="BuiltIn">
<doc>Logs the given message with the given level.</doc>
<arguments>
<arg>${sColumnName}</arg>
</arguments>
<msg timestamp="20220627 22:47:48.279" level="INFO">password</msg>
<status status="PASS" starttime="20220627 22:47:48.278" endtime="20220627 22:47:48.279"></status>
</kw>
<kw name="Get Column Count" library="ExcelRobot">
<doc>Returns the specific number of columns of the sheet name specified.</doc>
<arguments>
<arg>${sSheetName}</arg>
</arguments>
<assign>
<var>${colCount}</var>
</assign>
<msg timestamp="20220627 22:47:48.280" level="INFO">${colCount} = 3</msg>
<status status="PASS" starttime="20220627 22:47:48.280" endtime="20220627 22:47:48.280"></status>
</kw>
<kw name="${y} IN RANGE [ 0 | ${colCount} ]" type="for">
<msg timestamp="20220627 22:47:48.281" level="WARN">Error in file 'C:\EclipseWorkSpace\NetsDemo\Resources\ExcelDataRead.resource' in FOR loop starting on line 23: Marking for loop body with '\' is deprecated. Remove markers and use 'END' instead.</msg>
<kw name="${y} = 0" type="foritem">
<kw name="Read Cell Data" library="ExcelRobot">
<doc>Uses the column and row to return the data from that cell.</doc>
<arguments>
<arg>${sSheetName}</arg>
<arg>${y}</arg>
<arg>0</arg>
</arguments>
<assign>
<var>${header}</var>
</assign>
<msg timestamp="20220627 22:47:48.283" level="INFO">${header} = TestCases</msg>
<status status="PASS" starttime="20220627 22:47:48.282" endtime="20220627 22:47:48.283"></status>
</kw>
<kw name="Run Keyword If" library="BuiltIn">
<doc>Runs the given keyword with the given arguments, if ``condition`` is true.</doc>
<arguments>
<arg>"${header}"=="${sColumnName}"</arg>
<arg>Exit For Loop</arg>
</arguments>
<status status="PASS" starttime="20220627 22:47:48.283" endtime="20220627 22:47:48.285"></status>
</kw>
<status status="PASS" starttime="20220627 22:47:48.282" endtime="20220627 22:47:48.285"></status>
</kw>
<kw name="${y} = 1" type="foritem">
<kw name="Read Cell Data" library="ExcelRobot">
<doc>Uses the column and row to return the data from that cell.</doc>
<arguments>
<arg>${sSheetName}</arg>
<arg>${y}</arg>
<arg>0</arg>
</arguments>
<assign>
<var>${header}</var>
</assign>
<msg timestamp="20220627 22:47:48.287" level="INFO">${header} = username</msg>
<status status="PASS" starttime="20220627 22:47:48.286" endtime="20220627 22:47:48.287"></status>
</kw>
<kw name="Run Keyword If" library="BuiltIn">
<doc>Runs the given keyword with the given arguments, if ``condition`` is true.</doc>
<arguments>
<arg>"${header}"=="${sColumnName}"</arg>
<arg>Exit For Loop</arg>
</arguments>
<status status="PASS" starttime="20220627 22:47:48.287" endtime="20220627 22:47:48.288"></status>
</kw>
<status status="PASS" starttime="20220627 22:47:48.286" endtime="20220627 22:47:48.288"></status>
</kw>
<kw name="${y} = 2" type="foritem">
<kw name="Read Cell Data" library="ExcelRobot">
<doc>Uses the column and row to return the data from that cell.</doc>
<arguments>
<arg>${sSheetName}</arg>
<arg>${y}</arg>
<arg>0</arg>
</arguments>
<assign>
<var>${header}</var>
</assign>
<msg timestamp="20220627 22:47:48.289" level="INFO">${header} = password</msg>
<status status="PASS" starttime="20220627 22:47:48.288" endtime="20220627 22:47:48.289"></status>
</kw>
<kw name="Run Keyword If" library="BuiltIn">
<doc>Runs the given keyword with the given arguments, if ``condition`` is true.</doc>
<arguments>
<arg>"${header}"=="${sColumnName}"</arg>
<arg>Exit For Loop</arg>
</arguments>
<kw name="Exit For Loop" library="BuiltIn">
<doc>Stops executing the enclosing for loop.</doc>
<msg timestamp="20220627 22:47:48.290" level="INFO">Exiting for loop altogether.</msg>
<status status="PASS" starttime="20220627 22:47:48.290" endtime="20220627 22:47:48.291"></status>
</kw>
<status status="PASS" starttime="20220627 22:47:48.289" endtime="20220627 22:47:48.291"></status>
</kw>
<status status="PASS" starttime="20220627 22:47:48.288" endtime="20220627 22:47:48.291"></status>
</kw>
<status status="PASS" starttime="20220627 22:47:48.280" endtime="20220627 22:47:48.291"></status>
</kw>
<kw name="Set Test Variable" library="BuiltIn">
<doc>Makes a variable available everywhere within the scope of the current test.</doc>
<arguments>
<arg>${colNum}</arg>
<arg>${y}</arg>
</arguments>
<msg timestamp="20220627 22:47:48.292" level="INFO">${colNum} = 2</msg>
<status status="PASS" starttime="20220627 22:47:48.291" endtime="20220627 22:47:48.292"></status>
</kw>
<kw name="Log To Console" library="BuiltIn">
<doc>Logs the given message to the console.</doc>
<arguments>
<arg>${colNum}</arg>
</arguments>
<status status="PASS" starttime="20220627 22:47:48.293" endtime="20220627 22:47:48.293"></status>
</kw>
<kw name="Get Row Count" library="ExcelRobot">
<doc>Returns the specific number of rows of the sheet name specified.</doc>
<arguments>
<arg>${sSheetName}</arg>
</arguments>
<assign>
<var>${iTotalRows}</var>
</assign>
<msg timestamp="20220627 22:47:48.294" level="INFO">${iTotalRows} = 2</msg>
<status status="PASS" starttime="20220627 22:47:48.293" endtime="20220627 22:47:48.294"></status>
</kw>
<kw name="${iRowNo} IN RANGE [ 1 | ${iTotalRows} ]" type="for">
<msg timestamp="20220627 22:47:48.294" level="WARN">Error in file 'C:\EclipseWorkSpace\NetsDemo\Resources\ExcelDataRead.resource' in FOR loop starting on line 32: Marking for loop body with '\' is deprecated. Remove markers and use 'END' instead.</msg>
<kw name="${iRowNo} = 1" type="foritem">
<kw name="Read Cell Data" library="ExcelRobot">
<doc>Uses the column and row to return the data from that cell.</doc>
<arguments>
<arg>${sSheetName}</arg>
<arg>0</arg>
<arg>${iRowNo}</arg>
</arguments>
<assign>
<var>${TC_Num}</var>
</assign>
<msg timestamp="20220627 22:47:48.296" level="INFO">${TC_Num} = TC_001_Verify_Login_Invalid_Credentials_message</msg>
<status status="PASS" starttime="20220627 22:47:48.295" endtime="20220627 22:47:48.296"></status>
</kw>
<kw name="Run Keyword If" library="BuiltIn">
<doc>Runs the given keyword with the given arguments, if ``condition`` is true.</doc>
<arguments>
<arg>"${sTestCaseNo}"=="${TC_Num}"</arg>
<arg>Read Cell Data</arg>
<arg>${sSheetName}</arg>
<arg>${colNum}</arg>
<arg>${iRowNo}</arg>
</arguments>
<assign>
<var>${sSearchedData}</var>
</assign>
<kw name="Read Cell Data" library="ExcelRobot">
<doc>Uses the column and row to return the data from that cell.</doc>
<arguments>
<arg>${sSheetName}</arg>
<arg>${colNum}</arg>
<arg>${iRowNo}</arg>
</arguments>
<status status="PASS" starttime="20220627 22:47:48.297" endtime="20220627 22:47:48.297"></status>
</kw>
<msg timestamp="20220627 22:47:48.298" level="INFO">${sSearchedData} = fdasas</msg>
<status status="PASS" starttime="20220627 22:47:48.296" endtime="20220627 22:47:48.298"></status>
</kw>
<kw name="Run Keyword If" library="BuiltIn">
<doc>Runs the given keyword with the given arguments, if ``condition`` is true.</doc>
<arguments>
<arg>"${sTestCaseNo}"=="${TC_Num}"</arg>
<arg>Exit For Loop</arg>
</arguments>
<kw name="Exit For Loop" library="BuiltIn">
<doc>Stops executing the enclosing for loop.</doc>
<msg timestamp="20220627 22:47:48.299" level="INFO">Exiting for loop altogether.</msg>
<status status="PASS" starttime="20220627 22:47:48.299" endtime="20220627 22:47:48.299"></status>
</kw>
<status status="PASS" starttime="20220627 22:47:48.298" endtime="20220627 22:47:48.299"></status>
</kw>
<status status="PASS" starttime="20220627 22:47:48.295" endtime="20220627 22:47:48.300"></status>
</kw>
<status status="PASS" starttime="20220627 22:47:48.294" endtime="20220627 22:47:48.300"></status>
</kw>
<msg timestamp="20220627 22:47:48.300" level="INFO">${invalidpassword} = fdasas</msg>
<status status="PASS" starttime="20220627 22:47:48.278" endtime="20220627 22:47:48.300"></status>
</kw>
<kw name="Enter Password" library="Login&amp;LogoutPageKeywords">
<arguments>
<arg>${invalidpassword}</arg>
</arguments>
<kw name="Input Text" library="SeleniumLibrary">
<doc>Types the given ``text`` into the text field identified by ``locator``.</doc>
<arguments>
<arg>${txt_loginPassword}</arg>
<arg>${password}</arg>
</arguments>
<msg timestamp="20220627 22:47:48.302" level="INFO">Typing text 'fdasas' into text field 'name:txtPassword'.</msg>
<status status="PASS" starttime="20220627 22:47:48.301" endtime="20220627 22:47:48.458"></status>
</kw>
<status status="PASS" starttime="20220627 22:47:48.301" endtime="20220627 22:47:48.459"></status>
</kw>
<kw name="Click NSignIn" library="Login&amp;LogoutPageKeywords">
<kw name="Run Keyword And Continue On Failure" library="BuiltIn">
<doc>Runs the keyword and continues execution even if a failure occurs.</doc>
<arguments>
<arg>Click Button</arg>
<arg>${btn_negsubmitBtn}</arg>
</arguments>
<kw name="Click Button" library="SeleniumLibrary">
<doc>Clicks the button identified by ``locator``.</doc>
<arguments>
<arg>${btn_negsubmitBtn}</arg>
</arguments>
<msg timestamp="20220627 22:47:48.461" level="INFO">Clicking button 'id:12btnLogin'.</msg>
<kw name="Capture Page Screenshot" library="SeleniumLibrary">
<doc>Takes a screenshot of the current page and embeds it into a log file.</doc>
<msg timestamp="20220627 22:47:52.599" level="INFO" html="yes">&lt;/td&gt;&lt;/tr&gt;&lt;tr&gt;&lt;td colspan="3"&gt;&lt;a href="selenium-screenshot-2.png"&gt;&lt;img src="selenium-screenshot-2.png" width="800px"&gt;&lt;/a&gt;</msg>
<status status="PASS" starttime="20220627 22:47:52.486" endtime="20220627 22:47:52.599"></status>
</kw>
<msg timestamp="20220627 22:47:52.614" level="FAIL">Button with locator 'id:12btnLogin' not found.</msg>
<status status="FAIL" starttime="20220627 22:47:48.460" endtime="20220627 22:47:52.614"></status>
</kw>
<status status="FAIL" starttime="20220627 22:47:48.460" endtime="20220627 22:47:52.614"></status>
</kw>
<status status="FAIL" starttime="20220627 22:47:48.459" endtime="20220627 22:47:52.614"></status>
</kw>
<kw name="Apply Wait" library="Login&amp;LogoutPageKeywords">
<kw name="Sleep" library="BuiltIn">
<doc>Pauses the test executed for the given time.</doc>
<arguments>
<arg>2</arg>
</arguments>
<msg timestamp="20220627 22:47:54.622" level="INFO">Slept 2 seconds</msg>
<status status="PASS" starttime="20220627 22:47:52.614" endtime="20220627 22:47:54.622"></status>
</kw>
<status status="PASS" starttime="20220627 22:47:52.614" endtime="20220627 22:47:54.622"></status>
</kw>
<kw name="Close my browser" library="Login&amp;LogoutPageKeywords">
<kw name="Run Keyword And Continue On Failure" library="BuiltIn">
<doc>Runs the keyword and continues execution even if a failure occurs.</doc>
<arguments>
<arg>Close Browser</arg>
</arguments>
<kw name="Close Browser" library="SeleniumLibrary">
<doc>Closes the current browser.</doc>
<status status="PASS" starttime="20220627 22:47:54.622" endtime="20220627 22:47:58.501"></status>
</kw>
<status status="PASS" starttime="20220627 22:47:54.622" endtime="20220627 22:47:58.502"></status>
</kw>
<status status="PASS" starttime="20220627 22:47:54.622" endtime="20220627 22:47:58.502"></status>
</kw>
<status status="FAIL" starttime="20220627 22:47:42.541" endtime="20220627 22:47:58.503" critical="yes">Button with locator 'id:12btnLogin' not found.</status>
</test>
<status status="FAIL" starttime="20220627 22:47:41.216" endtime="20220627 22:47:58.504"></status>
</suite>
<status status="FAIL" starttime="20220627 22:47:41.211" endtime="20220627 22:47:58.507"></status>
</suite>
<status status="FAIL" starttime="20220627 22:47:41.180" endtime="20220627 22:47:58.510"></status>
</suite>
<statistics>
<total>
<stat pass="0" fail="1">Critical Tests</stat>
<stat pass="0" fail="1">All Tests</stat>
</total>
<tag>
</tag>
<suite>
<stat pass="0" fail="1" id="s1" name="NetsDemo">NetsDemo</stat>
<stat pass="0" fail="1" id="s1-s1" name="Tests">NetsDemo.Tests</stat>
<stat pass="0" fail="1" id="s1-s1-s1" name="01.OrangeHRMTestSuite">NetsDemo.Tests.01.OrangeHRMTestSuite</stat>
</suite>
</statistics>
<errors>
<msg timestamp="20220627 22:47:48.125" level="WARN">Error in file 'C:\EclipseWorkSpace\NetsDemo\Resources\ExcelDataRead.resource' in FOR loop starting on line 23: Marking for loop body with '\' is deprecated. Remove markers and use 'END' instead.</msg>
<msg timestamp="20220627 22:47:48.135" level="WARN">Error in file 'C:\EclipseWorkSpace\NetsDemo\Resources\ExcelDataRead.resource' in FOR loop starting on line 32: Marking for loop body with '\' is deprecated. Remove markers and use 'END' instead.</msg>
<msg timestamp="20220627 22:47:48.281" level="WARN">Error in file 'C:\EclipseWorkSpace\NetsDemo\Resources\ExcelDataRead.resource' in FOR loop starting on line 23: Marking for loop body with '\' is deprecated. Remove markers and use 'END' instead.</msg>
<msg timestamp="20220627 22:47:48.294" level="WARN">Error in file 'C:\EclipseWorkSpace\NetsDemo\Resources\ExcelDataRead.resource' in FOR loop starting on line 32: Marking for loop body with '\' is deprecated. Remove markers and use 'END' instead.</msg>
</errors>
</robot>
